server start port:80
events.js:292
      throw er; // Unhandled 'error' event
      ^

Error: listen EACCES: permission denied 0.0.0.0:80
    at Server.setupListenHandle [as _listen2] (net.js:1296:21)
    at listenInCluster (net.js:1361:12)
    at Server.listen (net.js:1447:7)
    at Application.listen (/home/sizl/web/node_modules/koa/lib/application.js:82:19)
    at Object.<anonymous> (/home/sizl/web/index.js:12:20)
    at Module._compile (internal/modules/cjs/loader.js:1137:30)
    at Object.Module._extensions..js (internal/modules/cjs/loader.js:1157:10)
    at Module.load (internal/modules/cjs/loader.js:985:32)
    at Function.Module._load (internal/modules/cjs/loader.js:878:14)
    at Function.executeUserEntryPoint [as runMain] (internal/modules/run_main.js:71:12)
Emitted 'error' event on Server instance at:
    at emitErrorNT (net.js:1340:8)
    at processTicksAndRejections (internal/process/task_queues.js:84:21) {
  code: 'EACCES',
  errno: 'EACCES',
  syscall: 'listen',
  address: '0.0.0.0',
  port: 80
}
internal/modules/cjs/loader.js:968
  throw err;
  ^

Error: Cannot find module '/home/sizl/web/i'
    at Function.Module._resolveFilename (internal/modules/cjs/loader.js:965:15)
    at Function.Module._load (internal/modules/cjs/loader.js:841:27)
    at Function.executeUserEntryPoint [as runMain] (internal/modules/run_main.js:71:12)
    at internal/main/run_main_module.js:17:47 {
  code: 'MODULE_NOT_FOUND',
  requireStack: []
}
